Arguments: 
  /usr/local/Cellar/node/10.2.1/bin/node /usr/local/Cellar/yarn/1.7.0/libexec/bin/yarn.js add express

PATH: 
  /usr/local/bin:/usr/local/sbin:/usr/bin:/bin:/usr/sbin:/sbin

Yarn version: 
  1.7.0

Node version: 
  10.2.1

Platform: 
  darwin x64

Trace: 
  SyntaxError: /Users/GregTurmel/Documents/project-repos/mongo_u_course/WeekOne/package.json: Unexpected end of JSON input
      at JSON.parse (<anonymous>)
      at /usr/local/Cellar/yarn/1.7.0/libexec/lib/cli.js:1130:59
      at Generator.next (<anonymous>)
      at step (/usr/local/Cellar/yarn/1.7.0/libexec/lib/cli.js:98:30)
      at /usr/local/Cellar/yarn/1.7.0/libexec/lib/cli.js:109:13

npm manifest: 
  

yarn manifest: 
  No manifest

Lockfile: 
  No lockfile
